0 info it worked if it ends with ok
1 verbose cli [ '/opt/iojs-v2.0.2/bin/iojs',
1 verbose cli   '/usr/bin/npm',
1 verbose cli   'install',
1 verbose cli   'node_module_name--save' ]
2 info using npm@2.9.0
3 info using node@v2.0.2
4 verbose install initial load of /home/nam/DemoJavaScrip/package.json
5 verbose installManyTop reading scoped package data from /home/nam/DemoJavaScrip/node_modules/chai/package.json
6 verbose installManyTop reading scoped package data from /home/nam/DemoJavaScrip/node_modules/nodejs/package.json
7 warn package.json nodejs@0.0.0 No description
8 warn package.json nodejs@0.0.0 No repository field.
9 warn package.json nodejs@0.0.0 No README data
10 verbose readDependencies loading dependencies from /home/nam/DemoJavaScrip/package.json
11 silly cache add args [ 'node_module_name--save', null ]
12 verbose cache add spec node_module_name--save
13 silly cache add parsed spec { raw: 'node_module_name--save',
13 silly cache add   scope: null,
13 silly cache add   name: 'node_module_name--save',
13 silly cache add   rawSpec: '',
13 silly cache add   spec: '*',
13 silly cache add   type: 'range' }
14 silly addNamed node_module_name--save@*
15 verbose addNamed "*" is a valid semver range for node_module_name--save
16 silly addNameRange { name: 'node_module_name--save', range: '*', hasData: false }
17 silly mapToRegistry name node_module_name--save
18 silly mapToRegistry using default registry
19 silly mapToRegistry registry https://registry.npmjs.org/
20 silly mapToRegistry uri https://registry.npmjs.org/node_module_name--save
21 verbose addNameRange registry:https://registry.npmjs.org/node_module_name--save not in flight; fetching
22 verbose request uri https://registry.npmjs.org/node_module_name--save
23 verbose request no auth needed
24 info attempt registry request try #1 at 20:50:54
25 verbose request id 39ed8b92cafb063d
26 http request GET https://registry.npmjs.org/node_module_name--save
27 http 404 https://registry.npmjs.org/node_module_name--save
28 verbose headers { server: 'CouchDB/1.5.0 (Erlang OTP/R16B03)',
28 verbose headers   'content-type': 'application/json',
28 verbose headers   'cache-control': 'max-age=0',
28 verbose headers   'content-length': '51',
28 verbose headers   'accept-ranges': 'bytes',
28 verbose headers   date: 'Mon, 25 May 2015 13:50:56 GMT',
28 verbose headers   via: '1.1 varnish',
28 verbose headers   age: '0',
28 verbose headers   connection: 'keep-alive',
28 verbose headers   'x-served-by': 'cache-lax1421-LAX',
28 verbose headers   'x-cache': 'MISS',
28 verbose headers   'x-cache-hits': '0',
28 verbose headers   'x-timer': 'S1432561855.943040,VS0,VE334' }
29 silly get cb [ 404,
29 silly get   { server: 'CouchDB/1.5.0 (Erlang OTP/R16B03)',
29 silly get     'content-type': 'application/json',
29 silly get     'cache-control': 'max-age=0',
29 silly get     'content-length': '51',
29 silly get     'accept-ranges': 'bytes',
29 silly get     date: 'Mon, 25 May 2015 13:50:56 GMT',
29 silly get     via: '1.1 varnish',
29 silly get     age: '0',
29 silly get     connection: 'keep-alive',
29 silly get     'x-served-by': 'cache-lax1421-LAX',
29 silly get     'x-cache': 'MISS',
29 silly get     'x-cache-hits': '0',
29 silly get     'x-timer': 'S1432561855.943040,VS0,VE334' } ]
30 verbose stack Error: 404 Not Found: node_module_name--save
30 verbose stack     at CachingRegistryClient.<anonymous> (/opt/iojs-v2.0.2/lib/node_modules/npm/node_modules/npm-registry-client/lib/request.js:245:14)
30 verbose stack     at Request._callback (/opt/iojs-v2.0.2/lib/node_modules/npm/node_modules/npm-registry-client/lib/request.js:170:14)
30 verbose stack     at Request.self.callback (/opt/iojs-v2.0.2/lib/node_modules/npm/node_modules/request/request.js:368:22)
30 verbose stack     at emitTwo (events.js:87:13)
30 verbose stack     at Request.emit (events.js:172:7)
30 verbose stack     at Request.<anonymous> (/opt/iojs-v2.0.2/lib/node_modules/npm/node_modules/request/request.js:1219:14)
30 verbose stack     at emitOne (events.js:82:20)
30 verbose stack     at Request.emit (events.js:169:7)
30 verbose stack     at IncomingMessage.<anonymous> (/opt/iojs-v2.0.2/lib/node_modules/npm/node_modules/request/request.js:1167:12)
30 verbose stack     at emitNone (events.js:72:20)
31 verbose statusCode 404
32 verbose pkgid node_module_name--save
33 verbose cwd /home/nam/DemoJavaScrip
34 error Linux 3.19.0-15-generic
35 error argv "/opt/iojs-v2.0.2/bin/iojs" "/usr/bin/npm" "install" "node_module_name--save"
36 error node v2.0.2
37 error npm  v2.9.0
38 error code E404
39 error 404 Not Found: node_module_name--save
39 error 404
39 error 404 'node_module_name--save' is not in the npm registry.
39 error 404 You should bug the author to publish it (or use the name yourself!)
39 error 404 It was specified as a dependency of 'DemoJavaScrip'
39 error 404
39 error 404 Note that you can also install from a
39 error 404 tarball, folder, http url, or git url.
40 verbose exit [ 1, true ]
